<?xml version="1.0" encoding="UTF-8"?>
<!-- Generated by org.testng.reporters.JUnitXMLReporter -->
<testsuite hostname="Varuns-MBP" ignored="0" tests="1" failures="1" timestamp="2019-04-02T10:25:51 IST" time="7.725" errors="0">
  <testcase name="runTest" time="7.721" classname="AndroidTest">
    <failure type="org.openqa.selenium.NoSuchElementException" message="An element could not be located on the page using the given search parameters.
For documentation on this error, please visit: http://seleniumhq.org/exceptions/no_such_element.html
Build info: version: &amp;apos;3.11.0&amp;apos;, revision: &amp;apos;e59cfb3&amp;apos;, time: &amp;apos;2018-03-11T20:26:55.152Z&amp;apos;
System info: host: &amp;apos;Varuns-MBP&amp;apos;, ip: &amp;apos;fe80:0:0:0:14a8:ce7f:a1a2:cf7d%en0&amp;apos;, os.name: &amp;apos;Mac OS X&amp;apos;, os.arch: &amp;apos;x86_64&amp;apos;, os.version: &amp;apos;10.13.6&amp;apos;, java.version: &amp;apos;1.8.0_151&amp;apos;
Driver info: io.appium.java_client.android.AndroidDriver
Capabilities {appActivity: com.milwaukeetool.mymilwauk..., appPackage: com.milwaukeetool.mymilwauk..., databaseEnabled: false, desired: {appActivity: com.milwaukeetool.mymilwauk..., appPackage: com.milwaukeetool.mymilwauk..., deviceName: google Pixel2, newCommandTimeout: 3000, platformName: android, udid: FA7AD1A03632, version: 9}, deviceManufacturer: Google, deviceModel: Pixel 2, deviceName: FA7AD1A03632, deviceScreenSize: 1080x1920, deviceUDID: FA7AD1A03632, javascriptEnabled: true, locationContextEnabled: false, networkConnectionEnabled: true, newCommandTimeout: 3000, platform: LINUX, platformName: LINUX, platformVersion: 9, takesScreenshot: true, udid: FA7AD1A03632, version: 9, warnings: {}, webStorageEnabled: false}
Session ID: 4d4a0789-bebf-43a5-a9dd-31f135f10f9c
*** Element info: {Using=id, value=password}">
      <![CDATA[org.openqa.selenium.NoSuchElementException: An element could not be located on the page using the given search parameters.
For documentation on this error, please visit: http://seleniumhq.org/exceptions/no_such_element.html
Build info: version: '3.11.0', revision: 'e59cfb3', time: '2018-03-11T20:26:55.152Z'
System info: host: 'Varuns-MBP', ip: 'fe80:0:0:0:14a8:ce7f:a1a2:cf7d%en0', os.name: 'Mac OS X', os.arch: 'x86_64', os.version: '10.13.6', java.version: '1.8.0_151'
Driver info: io.appium.java_client.android.AndroidDriver
Capabilities {appActivity: com.milwaukeetool.mymilwauk..., appPackage: com.milwaukeetool.mymilwauk..., databaseEnabled: false, desired: {appActivity: com.milwaukeetool.mymilwauk..., appPackage: com.milwaukeetool.mymilwauk..., deviceName: google Pixel2, newCommandTimeout: 3000, platformName: android, udid: FA7AD1A03632, version: 9}, deviceManufacturer: Google, deviceModel: Pixel 2, deviceName: FA7AD1A03632, deviceScreenSize: 1080x1920, deviceUDID: FA7AD1A03632, javascriptEnabled: true, locationContextEnabled: false, networkConnectionEnabled: true, newCommandTimeout: 3000, platform: LINUX, platformName: LINUX, platformVersion: 9, takesScreenshot: true, udid: FA7AD1A03632, version: 9, warnings: {}, webStorageEnabled: false}
Session ID: 4d4a0789-bebf-43a5-a9dd-31f135f10f9c
*** Element info: {Using=id, value=password}
at org.openqa.selenium.remote.http.W3CHttpResponseCodec.createException(W3CHttpResponseCodec.java:187)
at org.openqa.selenium.remote.http.W3CHttpResponseCodec.decode(W3CHttpResponseCodec.java:122)
at org.openqa.selenium.remote.http.W3CHttpResponseCodec.decode(W3CHttpResponseCodec.java:49)
at org.openqa.selenium.remote.HttpCommandExecutor.execute(HttpCommandExecutor.java:158)
at io.appium.java_client.remote.AppiumCommandExecutor.execute(AppiumCommandExecutor.java:129)
at org.openqa.selenium.remote.RemoteWebDriver.execute(RemoteWebDriver.java:545)
at io.appium.java_client.DefaultGenericMobileDriver.execute(DefaultGenericMobileDriver.java:42)
at io.appium.java_client.AppiumDriver.execute(AppiumDriver.java:1)
at io.appium.java_client.android.AndroidDriver.execute(AndroidDriver.java:1)
at org.openqa.selenium.remote.RemoteWebDriver.findElement(RemoteWebDriver.java:319)
at io.appium.java_client.DefaultGenericMobileDriver.findElement(DefaultGenericMobileDriver.java:62)
at io.appium.java_client.AppiumDriver.findElement(AppiumDriver.java:1)
at io.appium.java_client.android.AndroidDriver.findElement(AndroidDriver.java:1)
at org.openqa.selenium.remote.RemoteWebDriver.findElementById(RemoteWebDriver.java:365)
at io.appium.java_client.DefaultGenericMobileDriver.findElementById(DefaultGenericMobileDriver.java:70)
at io.appium.java_client.AppiumDriver.findElementById(AppiumDriver.java:1)
at io.appium.java_client.android.AndroidDriver.findElementById(AndroidDriver.java:1)
at AndroidTest.runTest(AndroidTest.java:42)
at DynamicTestNG.runTestNGTest(DynamicTestNG.java:59)
at Runner.runTest(Runner.java:30)
... Removed 59 stack frames]]>
    </failure>
  </testcase> <!-- runTest -->
</testsuite>
